Build started 2/5/2013 8:40:02 PM.
     1>Project "C:\Users\Colton McGee\Documents\GitHub\GSP420MainCore\GSP420MainCore\GSP420MainCore\GSP420MainCore.vcxproj" on node 2 (build target(s)).
     1>InitializeBuildStatus:
         Creating "Debug\GSP420MainCore.unsuccessfulbuild" because "AlwaysCreate" was specified.
       ClCompile:
         All outputs are up-to-date.
         C:\Program Files\Microsoft Visual Studio 10.0\VC\bin\CL.exe /c /ZI /nologo /W3 /WX- /Od /Oy- /D WIN32 /D _DEBUG /D _CONSOLE /D _UNICODE /D UNICODE /Gm /EHsc /RTC1 /MDd /GS /fp:precise /Zc:wchar_t /Zc:forScope /Yu"StdAfx.h" /Fp"Debug\GSP420MainCore.pch" /Fo"Debug\\" /Fd"Debug\vc100.pdb" /Gd /TP /analyze- /errorReport:prompt StateManager.cpp
         StateManager.cpp
       ManifestResourceCompile:
         All outputs are up-to-date.
       Link:
         C:\Program Files\Microsoft Visual Studio 10.0\VC\bin\link.exe /ERRORREPORT:PROMPT /OUT:"C:\Users\Colton McGee\Documents\GitHub\GSP420MainCore\GSP420MainCore\Debug\GSP420MainCore.exe" /INCREMENTAL /NOLOGO kernel32.lib user32.lib gdi32.lib winspool.lib comdlg32.lib advapi32.lib shell32.lib ole32.lib oleaut32.lib uuid.lib odbc32.lib odbccp32.lib /MANIFEST /ManifestFile:"Debug\GSP420MainCore.exe.intermediate.manifest" /MANIFESTUAC:"level='asInvoker' uiAccess='false'" /DEBUG /PDB:"C:\Users\Colton McGee\Documents\GitHub\GSP420MainCore\GSP420MainCore\Debug\GSP420MainCore.pdb" /SUBSYSTEM:CONSOLE /TLBID:1 /DYNAMICBASE /NXCOMPAT /IMPLIB:"C:\Users\Colton McGee\Documents\GitHub\GSP420MainCore\GSP420MainCore\Debug\GSP420MainCore.lib" /MACHINE:X86 Debug\GSP420MainCore.exe.embed.manifest.res
         Debug\GSP420MainCore.obj
         Debug\StateManager.obj
         Debug\stdafx.obj
       Manifest:
         c:\Program Files\Microsoft SDKs\Windows\v7.0A\bin\mt.exe /nologo /verbose /out:"Debug\GSP420MainCore.exe.embed.manifest" /manifest Debug\GSP420MainCore.exe.intermediate.manifest
         All outputs are up-to-date.
       LinkEmbedManifest:
         All outputs are up-to-date.
         GSP420MainCore.vcxproj -> C:\Users\Colton McGee\Documents\GitHub\GSP420MainCore\GSP420MainCore\Debug\GSP420MainCore.exe
       FinalizeBuildStatus:
         Deleting file "Debug\GSP420MainCore.unsuccessfulbuild".
         Touching "Debug\GSP420MainCore.lastbuildstate".
     1>Done Building Project "C:\Users\Colton McGee\Documents\GitHub\GSP420MainCore\GSP420MainCore\GSP420MainCore\GSP420MainCore.vcxproj" (build target(s)).

Build succeeded.

Time Elapsed 00:00:02.75
